<?xml version="1.0" encoding="UTF-8"?>
<!-- Generated by org.testng.reporters.JUnitReportReporter -->
<testsuite skipped="0" hostname="INMAAWN53000190" name="com.testcases.SignInPageTests" tests="2" failures="0" timestamp="29 Oct 2019 03:48:01 GMT" time="65.120" errors="0">
  <testcase name="validateErrorMessageOnLoginSignInPage" time="32.498" classname="com.testcases.SignInPageTests"/>
  <testcase name="validateErrorMessageOnLoginSignInPage" time="32.622" classname="com.testcases.SignInPageTests"/>
</testsuite> <!-- com.testcases.SignInPageTests -->
