<?xml version="1.0" encoding="UTF-8"?>
<!-- Generated by org.testng.reporters.JUnitReportReporter -->
<testsuite skipped="0" hostname="INMAAWN53000190" name="com.testcases.SignInPageTests" tests="2" failures="0" timestamp="08 Oct 2019 08:41:36 GMT" time="65.870" errors="0">
  <testcase name="validateErrorMessageOnLoginSignInPage" time="35.365" classname="com.testcases.SignInPageTests"/>
  <testcase name="validateErrorMessageOnLoginSignInPage" time="30.505" classname="com.testcases.SignInPageTests"/>
</testsuite> <!-- com.testcases.SignInPageTests -->
